[ERROR][main][2017-06-20 16:04:47][com.heitian.ssm.service.ReadExcelUtils] - FileNotFoundException
java.io.FileNotFoundException: F:1497944791222.xlsx (系统找不到指定的文件。)
	at java.io.FileInputStream.open0(Native Method)
	at java.io.FileInputStream.open(FileInputStream.java:195)
	at java.io.FileInputStream.<init>(FileInputStream.java:138)
	at java.io.FileInputStream.<init>(FileInputStream.java:93)
	at com.heitian.ssm.service.ReadExcelUtils.<init>(ReadExcelUtils.java:36)
	at com.heitian.ssm.service.ReadExcelUtils.main(ReadExcelUtils.java:154)
	at sun.reflect.NativeMethodAccessorImpl.invoke0(Native Method)
	at sun.reflect.NativeMethodAccessorImpl.invoke(NativeMethodAccessorImpl.java:62)
	at sun.reflect.DelegatingMethodAccessorImpl.invoke(DelegatingMethodAccessorImpl.java:43)
	at java.lang.reflect.Method.invoke(Method.java:497)
	at com.intellij.rt.execution.application.AppMain.main(AppMain.java:147)
[ERROR][main][2017-06-20 16:05:03][com.heitian.ssm.service.ReadExcelUtils] - FileNotFoundException
java.io.FileNotFoundException: F:\1497944791222.xlsx (系统找不到指定的文件。)
	at java.io.FileInputStream.open0(Native Method)
	at java.io.FileInputStream.open(FileInputStream.java:195)
	at java.io.FileInputStream.<init>(FileInputStream.java:138)
	at java.io.FileInputStream.<init>(FileInputStream.java:93)
	at com.heitian.ssm.service.ReadExcelUtils.<init>(ReadExcelUtils.java:36)
	at com.heitian.ssm.service.ReadExcelUtils.main(ReadExcelUtils.java:154)
	at sun.reflect.NativeMethodAccessorImpl.invoke0(Native Method)
	at sun.reflect.NativeMethodAccessorImpl.invoke(NativeMethodAccessorImpl.java:62)
	at sun.reflect.DelegatingMethodAccessorImpl.invoke(DelegatingMethodAccessorImpl.java:43)
	at java.lang.reflect.Method.invoke(Method.java:497)
	at com.intellij.rt.execution.application.AppMain.main(AppMain.java:147)
